<?xml version="1.0" encoding="UTF-8"?>
<testsuite name="AvlTreeTest" tests="1" skipped="0" failures="0" errors="0" timestamp="2020-10-23T18:21:13" hostname="DESKTOP-G4GL6NC" time="0.009">
  <properties/>
  <testcase name="contains()" classname="AvlTreeTest" time="0.009"/>
  <system-out><![CDATA[]]></system-out>
  <system-err><![CDATA[]]></system-err>
</testsuite>
